make all --print-data-base --no-builtin-variables --no-builtin-rules --question
# GNU Make 4.2.1
# Built for x86_64-pc-linux-gnu
# Copyright (C) 1988-2016 Free Software Foundation, Inc.
# License GPLv3+: GNU GPL version 3 or later <http://gnu.org/licenses/gpl.html>
# This is free software: you are free to change and redistribute it.
# There is NO WARRANTY, to the extent permitted by law.

# Make data base, printed on Wed Jun 29 11:41:01 2022

# Variables

# 'override' directive
GNUMAKEFLAGS := 
# automatic
<D = $(patsubst %/,%,$(dir $<))
# automatic
?F = $(notdir $?)
# environment
DESKTOP_SESSION = ubuntu
# default
.SHELLFLAGS := -c
# environment
XDG_SESSION_CLASS = user
# environment
SNAP_COMMON = /var/snap/code-insiders/common
# environment
XDG_SESSION_TYPE = x11
# automatic
?D = $(patsubst %/,%,$(dir $?))
# automatic
@D = $(patsubst %/,%,$(dir $@))
# environment
XAUTHORITY = /run/user/1000/gdm/Xauthority
# environment
GDMSESSION = ubuntu
# environment
XMODIFIERS = @im=ibus
# makefile
CURDIR := /media/srini/Projects/Personal_Projects/Modern_C++_Course_For_CV/homework_3
# makefile (from 'Makefile', line 39)
SHELL = /bin/sh
# makefile (from 'Makefile', line 45)
RM = /usr/bin/cmake -E remove -f
# environment
SNAP_DATA = /var/snap/code-insiders/1037
# environment
VSCODE_NLS_CONFIG = {"locale":"en-us","availableLanguages":{},"_languagePackSupport":true}
# environment
JOURNAL_STREAM = 8:58127
# environment
XDG_CONFIG_DIRS = /etc/xdg/xdg-ubuntu:/etc/xdg
# environment
SNAP_INSTANCE_NAME = code-insiders
# environment
SNAP_ARCH = amd64
# makefile (from 'Makefile', line 54)
CMAKE_BINARY_DIR = /media/srini/Projects/Personal_Projects/Modern_C++_Course_For_CV/homework_3
# makefile (from 'Makefile', line 1)
MAKEFILE_LIST :=  Makefile
# automatic
@F = $(notdir $@)
# environment
IM_CONFIG_PHASE = 1
# environment
USERNAME = srini
# environment
MAKELEVEL := 0
# environment
MANDATORY_PATH = /usr/share/gconf/ubuntu.mandatory.path
# environment
XDG_DATA_DIRS = /usr/share/ubuntu:/usr/local/share/:/usr/share/:/var/lib/snapd/desktop
# environment
DBUS_SESSION_BUS_ADDRESS = unix:path=/run/user/1000/bus
# environment
MANAGERPID = 2160
# environment
LC_NAME = de_DE.UTF-8
# environment
VSCODE_CWD = /home/srini
# environment
GSETTINGS_SCHEMA_DIR = /snap/code-insiders/1037/usr/share/glib-2.0/schemas
# default
MAKE_HOST := x86_64-pc-linux-gnu
# environment
PATH = /home/srini/.local/bin:/usr/local/sbin:/usr/local/bin:/usr/sbin:/usr/bin:/sbin:/bin:/usr/games:/usr/local/games:/snap/bin
# environment
GPG_AGENT_INFO = /run/user/1000/gnupg/S.gpg-agent:0:1
# environment
SESSION_MANAGER = local/HP:@/tmp/.ICE-unix/2420,unix/HP:/tmp/.ICE-unix/2420
# environment
XDG_RUNTIME_DIR = /run/user/1000
# environment
GDK_PIXBUF_MODULE_FILE = /home/srini/snap/code-insiders/common/.cache/gdk-pixbuf-loaders.cache
# environment
SNAP = /snap/code-insiders/1037
# environment
SNAP_VERSION = e7751367
# environment
XDG_MENU_PREFIX = gnome-
# environment
DISABLE_WAYLAND = 1
# environment
ELECTRON_RUN_AS_NODE = 1
# environment
INVOCATION_ID = d5960e1dd6294ddb8075bdd9a535ddf0
# environment
GDK_PIXBUF_MODULEDIR = /snap/code-insiders/1037/usr/lib/x86_64-linux-gnu/gdk-pixbuf-2.0/2.10.0/loaders
# default
.FEATURES := target-specific order-only second-expansion else-if shortest-stem undefine oneshell archives jobserver output-sync check-symlink load
# environment
XDG_SESSION_DESKTOP = ubuntu
# environment
SSH_AUTH_SOCK = /run/user/1000/keyring/ssh
# environment
GIO_LAUNCHED_DESKTOP_FILE_PID = 103535
# automatic
%F = $(notdir $%)
# environment
DISPLAY = :1
# environment
SNAP_INSTANCE_KEY = 
# environment
PWD = /media/srini/Projects/Personal_Projects/Modern_C++_Course_For_CV/homework_3
# default
.LOADED := 
# environment
SSH_AGENT_PID = 2382
# environment
ORIGINAL_XDG_CURRENT_DESKTOP = ubuntu:GNOME
# environment
GTK_MODULES = gail:atk-bridge
# environment
VSCODE_AMD_ENTRYPOINT = vs/workbench/api/node/extensionHostProcess
# environment
HOME = /home/srini
# environment
VSCODE_CLI = 1
# environment
VSCODE_CODE_CACHE_PATH = /home/srini/.config/Code - Insiders/CachedData/e7751367f79f327b8103bee33a07c16817a2c7cd
# environment
LOGNAME = srini
# environment
APPLICATION_INSIGHTS_NO_DIAGNOSTIC_CHANNEL = 1
# makefile (from 'Makefile', line 48)
EQUALS = =
# environment
SNAP_LIBRARY_PATH = /var/lib/snapd/lib/gl:/var/lib/snapd/lib/gl32:/var/lib/snapd/void
# environment
SNAP_CONTEXT = FnSFevhxSfUugcCZ4DkKVOD7kLYHmZXeVeGxiwYkBWS2tQ6TEQ2T
# automatic
+F = $(notdir $+)
# environment
ELECTRON_NO_ATTACH_CONSOLE = 1
# environment
SNAP_USER_COMMON = /home/srini/snap/code-insiders/common
# environment
VSCODE_HANDLES_UNCAUGHT_ERRORS = true
# environment
GNOME_DESKTOP_SESSION_ID = this-is-deprecated
# automatic
^D = $(patsubst %/,%,$(dir $^))
# environment
LC_TIME = de_DE.UTF-8
# environment
SNAP_REAL_HOME = /home/srini
# default
MAKE = $(MAKE_COMMAND)
# default
MAKECMDGOALS := all
# environment
QT_IM_MODULE = ibus
# environment
SNAP_USER_DATA = /home/srini/snap/code-insiders/1037
# environment
SHLVL = 0
# environment
GNOME_SHELL_SESSION_MODE = ubuntu
# default
MAKE_VERSION := 4.2.1
# environment
USER = srini
# environment
SNAP_REVISION = 1037
# environment
LC_MONETARY = de_DE.UTF-8
# makefile
.DEFAULT_GOAL := default_target
# environment
XDG_CURRENT_DESKTOP = Unity
# makefile (from 'Makefile', line 51)
CMAKE_SOURCE_DIR = /media/srini/Projects/Personal_Projects/Modern_C++_Course_For_CV/homework_3
# environment
LIBVIRT_DEFAULT_URI = qemu:///system
# automatic
%D = $(patsubst %/,%,$(dir $%))
# environment
LC_TELEPHONE = de_DE.UTF-8
# default
MAKE_COMMAND := make
# default
.VARIABLES := 
# automatic
*F = $(notdir $*)
# environment
VSCODE_IPC_HOOK = /run/user/1000/vscode-df7f4467-1.69.0-insider-main.sock
# makefile
MAKEFLAGS = pqrRs
# environment
MFLAGS = -pqrRs
# automatic
*D = $(patsubst %/,%,$(dir $*))
# automatic
+D = $(patsubst %/,%,$(dir $+))
# environment
GDK_BACKEND = x11
# environment
LC_PAPER = de_DE.UTF-8
# environment
QT_ACCESSIBILITY = 1
# environment
DEFAULTS_PATH = /usr/share/gconf/ubuntu.default.path
# default
MAKEFILES := 
# environment
SNAP_COOKIE = FnSFevhxSfUugcCZ4DkKVOD7kLYHmZXeVeGxiwYkBWS2tQ6TEQ2T
# environment
LC_NUMERIC = de_DE.UTF-8
# automatic
<F = $(notdir $<)
# environment
LC_MEASUREMENT = de_DE.UTF-8
# environment
SNAP_NAME = code-insiders
# environment
LC_ALL = C
# makefile (from 'Makefile', line 42)
CMAKE_COMMAND = /usr/bin/cmake
# automatic
^F = $(notdir $^)
# makefile (from 'Makefile', line 21)
SUFFIXES = 
# environment
SNAP_REEXEC = 
# environment
CHROME_DESKTOP = code-insiders-url-handler.desktop
# environment
WINDOWPATH = 2
# default
.INCLUDE_DIRS = /usr/include /usr/local/include /usr/include
# environment
LC_IDENTIFICATION = de_DE.UTF-8
# default
.RECIPEPREFIX := 
# environment
LC_ADDRESS = de_DE.UTF-8
# environment
LANG = C
# environment
VSCODE_PID = 103581
# variable set hash-table stats:
# Load=124/1024=12%, Rehash=0, Collisions=20/158=13%

# Pattern-specific Variable Values

# No pattern-specific variable values.

# Directories

# . (device 2050, inode 7341314): 16 files, no impossibilities.

# 16 files, no impossibilities in 1 directories.

# Implicit Rules

%.hpux_make_needs_suffix_list:

# 1 implicit rules, 0 (0.0%) terminal.

# Files

 
cmake_force:
#  Phony target (prerequisite of .PHONY).
#  Implicit rule search has not been done.
#  File does not exist.
#  File has not been updated.

edit_cache:
#  Phony target (prerequisite of .PHONY).
#  Implicit rule search has not been done.
#  File does not exist.
#  File has not been updated.
#  recipe to execute (from 'Makefile', line 72):
	@$(CMAKE_COMMAND) -E cmake_echo_color --switch=$(COLOR) --cyan "Running CMake cache editor..."
	/usr/bin/cmake-gui -S$(CMAKE_SOURCE_DIR) -B$(CMAKE_BINARY_DIR)

src/main.cpp.s:
#  Phony target (prerequisite of .PHONY).
#  Implicit rule search has not been done.
#  File does not exist.
#  File has not been updated.
#  recipe to execute (from 'Makefile', line 230):
	$(MAKE) -f CMakeFiles/main.dir/build.make CMakeFiles/main.dir/src/main.cpp.s

all: cmake_check_build_system
#  Phony target (prerequisite of .PHONY).
#  Command line target.
#  Implicit rule search has not been done.
#  File does not exist.
#  File has been updated.
#  Needs to be updated (-q is set).
# variable set hash-table stats:
# Load=0/32=0%, Rehash=0, Collisions=0/6=0%
#  recipe to execute (from 'Makefile', line 83):
	$(CMAKE_COMMAND) -E cmake_progress_start /media/srini/Projects/Personal_Projects/Modern_C++_Course_For_CV/homework_3/CMakeFiles /media/srini/Projects/Personal_Projects/Modern_C++_Course_For_CV/homework_3/CMakeFiles/progress.marks
	$(MAKE) -f CMakeFiles/Makefile2 all
	$(CMAKE_COMMAND) -E cmake_progress_start /media/srini/Projects/Personal_Projects/Modern_C++_Course_For_CV/homework_3/CMakeFiles 0

.PHONY: default_target cmake_force rebuild_cache rebuild_cache/fast edit_cache edit_cache/fast all clean clean/fast preinstall preinstall/fast depend main main/fast image_browser image_browser/fast html_writer html_writer/fast api/html_writer.o api/html_writer.cpp.o api/html_writer.i api/html_writer.cpp.i api/html_writer.s api/html_writer.cpp.s api/image_browser.o api/image_browser.cpp.o api/image_browser.i api/image_browser.cpp.i api/image_browser.s api/image_browser.cpp.s src/main.o src/main.cpp.o src/main.i src/main.cpp.i src/main.s src/main.cpp.s help cmake_check_build_system
#  Implicit rule search has not been done.
#  Modification time never checked.
#  File has not been updated.

api/html_writer.cpp.i:
#  Phony target (prerequisite of .PHONY).
#  Implicit rule search has not been done.
#  File does not exist.
#  File has not been updated.
#  recipe to execute (from 'Makefile', line 167):
	$(MAKE) -f CMakeFiles/html_writer.dir/build.make CMakeFiles/html_writer.dir/api/html_writer.cpp.i

api/html_writer.cpp.o:
#  Phony target (prerequisite of .PHONY).
#  Implicit rule search has not been done.
#  File does not exist.
#  File has not been updated.
#  recipe to execute (from 'Makefile', line 158):
	$(MAKE) -f CMakeFiles/html_writer.dir/build.make CMakeFiles/html_writer.dir/api/html_writer.cpp.o

src/main.i: src/main.cpp.i
#  Phony target (prerequisite of .PHONY).
#  Implicit rule search has not been done.
#  File does not exist.
#  File has not been updated.

src/main.o: src/main.cpp.o
#  Phony target (prerequisite of .PHONY).
#  Implicit rule search has not been done.
#  File does not exist.
#  File has not been updated.

api/image_browser.s: api/image_browser.cpp.s
#  Phony target (prerequisite of .PHONY).
#  Implicit rule search has not been done.
#  File does not exist.
#  File has not been updated.

preinstall/fast:
#  Phony target (prerequisite of .PHONY).
#  Implicit rule search has not been done.
#  File does not exist.
#  File has not been updated.
#  recipe to execute (from 'Makefile', line 105):
	$(MAKE) -f CMakeFiles/Makefile2 preinstall

image_browser: cmake_check_build_system
#  Phony target (prerequisite of .PHONY).
#  Implicit rule search has not been done.
#  File does not exist.
#  File has not been updated.
#  recipe to execute (from 'Makefile', line 131):
	$(MAKE) -f CMakeFiles/Makefile2 image_browser

.SUFFIXES: .hpux_make_needs_suffix_list
#  Implicit rule search has not been done.
#  Modification time never checked.
#  File has not been updated.

# Not a target:
Makefile:
#  Implicit rule search has been done.
#  Last modified 2022-06-29 11:39:26.077732212
#  File has been updated.
#  Successfully updated.

.NOTPARALLEL:
#  Implicit rule search has not been done.
#  Modification time never checked.
#  File has not been updated.

api/image_browser.cpp.i:
#  Phony target (prerequisite of .PHONY).
#  Implicit rule search has not been done.
#  File does not exist.
#  File has not been updated.
#  recipe to execute (from 'Makefile', line 194):
	$(MAKE) -f CMakeFiles/image_browser.dir/build.make CMakeFiles/image_browser.dir/api/image_browser.cpp.i

api/image_browser.cpp.o:
#  Phony target (prerequisite of .PHONY).
#  Implicit rule search has not been done.
#  File does not exist.
#  File has not been updated.
#  recipe to execute (from 'Makefile', line 185):
	$(MAKE) -f CMakeFiles/image_browser.dir/build.make CMakeFiles/image_browser.dir/api/image_browser.cpp.o

clean/fast: clean
#  Phony target (prerequisite of .PHONY).
#  Implicit rule search has not been done.
#  File does not exist.
#  File has not been updated.

cmake_check_build_system:
#  Phony target (prerequisite of .PHONY).
#  Implicit rule search has not been done.
#  Implicit/static pattern stem: ''
#  File does not exist.
#  File has been updated.
#  Needs to be updated (-q is set).
# automatic
# @ := cmake_check_build_system
# automatic
# % := 
# automatic
# * := 
# automatic
# + := 
# automatic
# | := 
# automatic
# < := 
# automatic
# ^ := 
# automatic
# ? := 
# variable set hash-table stats:
# Load=8/32=25%, Rehash=0, Collisions=3/14=21%
#  recipe to execute (from 'Makefile', line 264):
	$(CMAKE_COMMAND) -S$(CMAKE_SOURCE_DIR) -B$(CMAKE_BINARY_DIR) --check-build-system CMakeFiles/Makefile.cmake 0

html_writer/fast:
#  Phony target (prerequisite of .PHONY).
#  Implicit rule search has not been done.
#  File does not exist.
#  File has not been updated.
#  recipe to execute (from 'Makefile', line 149):
	$(MAKE) -f CMakeFiles/html_writer.dir/build.make CMakeFiles/html_writer.dir/build

help:
#  Phony target (prerequisite of .PHONY).
#  Implicit rule search has not been done.
#  File does not exist.
#  File has not been updated.
#  recipe to execute (from 'Makefile', line 235):
	@echo "The following are some of the valid targets for this Makefile:"
	@echo "... all (the default if no target is provided)"
	@echo "... clean"
	@echo "... depend"
	@echo "... rebuild_cache"
	@echo "... edit_cache"
	@echo "... main"
	@echo "... image_browser"
	@echo "... html_writer"
	@echo "... api/html_writer.o"
	@echo "... api/html_writer.i"
	@echo "... api/html_writer.s"
	@echo "... api/image_browser.o"
	@echo "... api/image_browser.i"
	@echo "... api/image_browser.s"
	@echo "... src/main.o"
	@echo "... src/main.i"
	@echo "... src/main.s"

preinstall: all
#  Phony target (prerequisite of .PHONY).
#  Implicit rule search has not been done.
#  File does not exist.
#  File has not been updated.
#  recipe to execute (from 'Makefile', line 100):
	$(MAKE) -f CMakeFiles/Makefile2 preinstall

api/html_writer.cpp.s:
#  Phony target (prerequisite of .PHONY).
#  Implicit rule search has not been done.
#  File does not exist.
#  File has not been updated.
#  recipe to execute (from 'Makefile', line 176):
	$(MAKE) -f CMakeFiles/html_writer.dir/build.make CMakeFiles/html_writer.dir/api/html_writer.cpp.s

main/fast:
#  Phony target (prerequisite of .PHONY).
#  Implicit rule search has not been done.
#  File does not exist.
#  File has not been updated.
#  recipe to execute (from 'Makefile', line 123):
	$(MAKE) -f CMakeFiles/main.dir/build.make CMakeFiles/main.dir/build

src/main.s: src/main.cpp.s
#  Phony target (prerequisite of .PHONY).
#  Implicit rule search has not been done.
#  File does not exist.
#  File has not been updated.

.SILENT:
#  Implicit rule search has not been done.
#  Modification time never checked.
#  File has not been updated.

depend:
#  Phony target (prerequisite of .PHONY).
#  Implicit rule search has not been done.
#  File does not exist.
#  File has not been updated.
#  recipe to execute (from 'Makefile', line 110):
	$(CMAKE_COMMAND) -S$(CMAKE_SOURCE_DIR) -B$(CMAKE_BINARY_DIR) --check-build-system CMakeFiles/Makefile.cmake 1

api/html_writer.i: api/html_writer.cpp.i
#  Phony target (prerequisite of .PHONY).
#  Implicit rule search has not been done.
#  File does not exist.
#  File has not been updated.

api/html_writer.o: api/html_writer.cpp.o
#  Phony target (prerequisite of .PHONY).
#  Implicit rule search has not been done.
#  File does not exist.
#  File has not been updated.

# Not a target:
.DEFAULT:
#  Implicit rule search has not been done.
#  Modification time never checked.
#  File has not been updated.

default_target: all
#  Phony target (prerequisite of .PHONY).
#  Implicit rule search has not been done.
#  File does not exist.
#  File has not been updated.

clean:
#  Phony target (prerequisite of .PHONY).
#  Implicit rule search has not been done.
#  File does not exist.
#  File has not been updated.
#  recipe to execute (from 'Makefile', line 90):
	$(MAKE) -f CMakeFiles/Makefile2 clean

rebuild_cache/fast: rebuild_cache
#  Phony target (prerequisite of .PHONY).
#  Implicit rule search has not been done.
#  File does not exist.
#  File has not been updated.

edit_cache/fast: edit_cache
#  Phony target (prerequisite of .PHONY).
#  Implicit rule search has not been done.
 
#  File does not exist.
#  File has not been updated.

src/main.cpp.i:
#  Phony target (prerequisite of .PHONY).
#  Implicit rule search has not been done.
#  File does not exist.
#  File has not been updated.
#  recipe to execute (from 'Makefile', line 221):
	$(MAKE) -f CMakeFiles/main.dir/build.make CMakeFiles/main.dir/src/main.cpp.i

src/main.cpp.o:
#  Phony target (prerequisite of .PHONY).
#  Implicit rule search has not been done.
#  File does not exist.
#  File has not been updated.
#  recipe to execute (from 'Makefile', line 212):
	$(MAKE) -f CMakeFiles/main.dir/build.make CMakeFiles/main.dir/src/main.cpp.o

api/image_browser.cpp.s:
#  Phony target (prerequisite of .PHONY).
#  Implicit rule search has not been done.
#  File does not exist.
#  File has not been updated.
#  recipe to execute (from 'Makefile', line 203):
	$(MAKE) -f CMakeFiles/image_browser.dir/build.make CMakeFiles/image_browser.dir/api/image_browser.cpp.s

html_writer: cmake_check_build_system
#  Phony target (prerequisite of .PHONY).
#  Implicit rule search has not been done.
#  File does not exist.
#  File has not been updated.
#  recipe to execute (from 'Makefile', line 144):
	$(MAKE) -f CMakeFiles/Makefile2 html_writer

api/image_browser.i: api/image_browser.cpp.i
#  Phony target (prerequisite of .PHONY).
#  Implicit rule search has not been done.
#  File does not exist.
#  File has not been updated.

api/image_browser.o: api/image_browser.cpp.o
#  Phony target (prerequisite of .PHONY).
#  Implicit rule search has not been done.
#  File does not exist.
#  File has not been updated.

main: cmake_check_build_system
#  Phony target (prerequisite of .PHONY).
#  Implicit rule search has not been done.
#  File does not exist.
#  File has not been updated.
#  recipe to execute (from 'Makefile', line 118):
	$(MAKE) -f CMakeFiles/Makefile2 main

# Not a target:
.hpux_make_needs_suffix_list:
#  Implicit rule search has not been done.
#  Modification time never checked.
#  File has not been updated.

image_browser/fast:
#  Phony target (prerequisite of .PHONY).
#  Implicit rule search has not been done.
#  File does not exist.
#  File has not been updated.
#  recipe to execute (from 'Makefile', line 136):
	$(MAKE) -f CMakeFiles/image_browser.dir/build.make CMakeFiles/image_browser.dir/build

api/html_writer.s: api/html_writer.cpp.s
#  Phony target (prerequisite of .PHONY).
#  Implicit rule search has not been done.
#  File does not exist.
#  File has not been updated.

rebuild_cache:
#  Phony target (prerequisite of .PHONY).
#  Implicit rule search has not been done.
#  File does not exist.
#  File has not been updated.
#  recipe to execute (from 'Makefile', line 61):
	@$(CMAKE_COMMAND) -E cmake_echo_color --switch=$(COLOR) --cyan "Running CMake to regenerate build system..."
	/usr/bin/cmake -S$(CMAKE_SOURCE_DIR) -B$(CMAKE_BINARY_DIR)

# files hash-table stats:
# Load=45/1024=4%, Rehash=0, Collisions=3/163=2%
# VPATH Search Paths

# No 'vpath' search paths.

# No general ('VPATH' variable) search path.

# strcache buffers: 1 (0) / strings = 63 / storage = 869 B / avg = 13 B
# current buf: size = 8162 B / used = 869 B / count = 63 / avg = 13 B

# strcache performance: lookups = 244 / hit rate = 74%
# hash-table stats:
# Load=63/8192=1%, Rehash=0, Collisions=2/244=1%
# Finished Make data base on Wed Jun 29 11:41:01 2022

 
